
> daewoo-companion@0.1.0 build
> next build

▲ Next.js 16.1.6 (Turbopack)

  Creating an optimized production build ...
✓ Compiled successfully in 3.9s
  Running TypeScript ...
  Collecting page data using 11 workers ...
  Generating static pages using 11 workers (0/10) ...
  Generating static pages using 11 workers (2/10) 
  Generating static pages using 11 workers (4/10) 
  Generating static pages using 11 workers (7/10) 
✓ Generating static pages using 11 workers (10/10) in 613.6ms
  Finalizing page optimization ...

Route (app)
┌ ○ /
├ ○ /_not-found
├ ○ /favorites
├ ○ /manual
├ ○ /recipes
├ ○ /recipes/custom
├ ○ /safety
└ ○ /troubleshooting


○  (Static)  prerendered as static content

